0 info it worked if it ends with ok
1 verbose cli [ '/usr/bin/nodejs', '/usr/bin/npm', 'start' ]
2 info using npm@3.10.6
3 info using node@v5.12.0
4 verbose run-script [ 'prestart', 'start', 'poststart' ]
5 info lifecycle panda@1.0.0~prestart: panda@1.0.0
6 silly lifecycle panda@1.0.0~prestart: no script for prestart, continuing
7 info lifecycle panda@1.0.0~start: panda@1.0.0
8 verbose lifecycle panda@1.0.0~start: unsafe-perm in lifecycle true
9 verbose lifecycle panda@1.0.0~start: PATH: /usr/lib/node_modules/npm/bin/node-gyp-bin:/home/sanjana/slowdowngame/node_modules/.bin:/usr/local/sbin:/usr/local/bin:/usr/sbin:/usr/bin:/sbin:/bin:/usr/games:/usr/local/games
10 verbose lifecycle panda@1.0.0~start: CWD: /home/sanjana/slowdowngame
11 silly lifecycle panda@1.0.0~start: Args: [ '-c',
11 silly lifecycle   'budo src/main.js:bundle.js --live -- -d -e src/main.js -t [babelify --comments false --presets es2015]' ]
12 info lifecycle panda@1.0.0~start: Failed to exec start script
13 verbose stack Error: panda@1.0.0 start: `budo src/main.js:bundle.js --live -- -d -e src/main.js -t [babelify --comments false --presets es2015]`
13 verbose stack spawn ENOENT
13 verbose stack     at ChildProcess.<anonymous> (/usr/lib/node_modules/npm/lib/utils/spawn.js:33:16)
13 verbose stack     at emitTwo (events.js:100:13)
13 verbose stack     at ChildProcess.emit (events.js:185:7)
13 verbose stack     at maybeClose (internal/child_process.js:850:16)
13 verbose stack     at Process.ChildProcess._handle.onexit (internal/child_process.js:215:5)
14 verbose pkgid panda@1.0.0
15 verbose cwd /home/sanjana/slowdowngame
16 error Linux 3.13.0-93-generic
17 error argv "/usr/bin/nodejs" "/usr/bin/npm" "start"
18 error node v5.12.0
19 error npm  v3.10.6
20 error file sh
21 error code ELIFECYCLE
22 error errno ENOENT
23 error syscall spawn
24 error panda@1.0.0 start: `budo src/main.js:bundle.js --live -- -d -e src/main.js -t [babelify --comments false --presets es2015]`
24 error spawn ENOENT
25 error Failed at the panda@1.0.0 start script 'budo src/main.js:bundle.js --live -- -d -e src/main.js -t [babelify --comments false --presets es2015]'.
25 error Make sure you have the latest version of node.js and npm installed.
25 error If you do, this is most likely a problem with the panda package,
25 error not with npm itself.
25 error Tell the author that this fails on your system:
25 error     budo src/main.js:bundle.js --live -- -d -e src/main.js -t [babelify --comments false --presets es2015]
25 error You can get information on how to open an issue for this project with:
25 error     npm bugs panda
25 error Or if that isn't available, you can get their info via:
25 error     npm owner ls panda
25 error There is likely additional logging output above.
26 verbose exit [ 1, true ]
